#
# There is insufficient memory for the Java Runtime Environment to continue.
# Native memory allocation (malloc) failed to allocate 1001104 bytes for Chunk::new
# Possible reasons:
#   The system is out of physical RAM or swap space
#   The process is running with CompressedOops enabled, and the Java Heap may be blocking the growth of the native heap
# Possible solutions:
#   Reduce memory load on the system
#   Increase physical memory or swap space
#   Check if swap backing store is full
#   Decrease Java heap size (-Xmx/-Xms)
#   Decrease number of Java threads
#   Decrease Java thread stack sizes (-Xss)
#   Set larger code cache with -XX:ReservedCodeCacheSize=
#   JVM is running with Unscaled Compressed Oops mode in which the Java heap is
#     placed in the first 4GB address space. The Java Heap base address is the
#     maximum limit for the native heap growth. Please use -XX:HeapBaseMinAddress
#     to set the Java Heap base and to place the Java Heap above 4GB virtual address.
# This output file may be truncated or incomplete.
#
#  Out of Memory Error (arena.cpp:189), pid=6944, tid=11560
#
# JRE version: OpenJDK Runtime Environment Temurin-17.0.7+7 (17.0.7+7) (build 17.0.7+7)
# Java VM: OpenJDK 64-Bit Server VM Temurin-17.0.7+7 (17.0.7+7, mixed mode, sharing, tiered, compressed oops, compressed class ptrs, g1 gc, windows-amd64)
# No core dump will be written. Minidumps are not enabled by default on client versions of Windows
#

---------------  S U M M A R Y ------------

Command Line: -Dclassworlds.conf=C:\Program Files\NetBeans-13\netbeans\java\maven\bin\m2.conf -Dmaven.home=C:\Program Files\NetBeans-13\netbeans\java\maven -Dlibrary.jansi.path=C:\Program Files\NetBeans-13\netbeans\java\maven\lib\jansi-native -Dmaven.multiModuleProjectDirectory=C:\Users\gabri\Documents\NetBeansProjects\PruebaProyecto2P org.codehaus.plexus.classworlds.launcher.Launcher -Dexec.vmArgs= -Dexec.appArgs= -Dmaven.ext.class.path=C:\Program Files\NetBeans-13\netbeans\java\maven-nblib\netbeans-eventspy.jar -Dfile.encoding=UTF-8 clean javafx:run

Host: AMD Athlon Gold 3150U with Radeon Graphics     , 4 cores, 5G,  Windows 11 , 64 bit Build 22621 (10.0.22621.1928)
Time: Sat Aug 12 12:57:40 2023 Hora est. Pacífico, Sudamérica elapsed time: 59.008296 seconds (0d 0h 0m 59s)

---------------  T H R E A D  ---------------

Current thread (0x000001f31ca594b0):  JavaThread "C2 CompilerThread0" daemon [_thread_in_native, id=11560, stack(0x000000cd62b00000,0x000000cd62c00000)]


Current CompileTask:
C2:  59008 6679       4       java.net.URLStreamHandler::parseURL (1201 bytes)

Stack: [0x000000cd62b00000,0x000000cd62c00000]
Native frames: (J=compiled Java code, j=interpreted, Vv=VM code, C=native code)
V  [jvm.dll+0x67754a]
V  [jvm.dll+0x834304]
V  [jvm.dll+0x835aae]
V  [jvm.dll+0x836113]
V  [jvm.dll+0x24696f]
V  [jvm.dll+0xac0ac]
V  [jvm.dll+0xac67c]
V  [jvm.dll+0x364e37]
V  [jvm.dll+0x1bcde8]
V  [jvm.dll+0x219799]
V  [jvm.dll+0x218a61]
V  [jvm.dll+0x1a4d8d]
V  [jvm.dll+0x2284da]
V  [jvm.dll+0x226615]
V  [jvm.dll+0x7ea90b]
V  [jvm.dll+0x7e4e7a]
V  [jvm.dll+0x676395]
C  [ucrtbase.dll+0x29363]
C  [KERNEL32.DLL+0x126ad]
C  [ntdll.dll+0x5aa68]


---------------  P R O C E S S  ---------------

Threads class SMR info:
_java_thread_list=0x000001f3212d9480, length=12, elements={
0x000001f37fb39230, 0x000001f31ca3d6a0, 0x000001f31ca3e9f0, 0x000001f31ca54a00,
0x000001f31ca573c0, 0x000001f31ca57d70, 0x000001f31ca58720, 0x000001f31ca594b0,
0x000001f31cac1a10, 0x000001f31cac7370, 0x000001f321090840, 0x000001f321099170
}

Java Threads: ( => current thread )
  0x000001f37fb39230 JavaThread "main" [_thread_in_native, id=3960, stack(0x000000cd61e00000,0x000000cd61f00000)]
  0x000001f31ca3d6a0 JavaThread "Reference Handler" daemon [_thread_blocked, id=10780, stack(0x000000cd62500000,0x000000cd62600000)]
  0x000001f31ca3e9f0 JavaThread "Finalizer" daemon [_thread_blocked, id=11200, stack(0x000000cd62600000,0x000000cd62700000)]
  0x000001f31ca54a00 JavaThread "Signal Dispatcher" daemon [_thread_blocked, id=14028, stack(0x000000cd62700000,0x000000cd62800000)]
  0x000001f31ca573c0 JavaThread "Attach Listener" daemon [_thread_blocked, id=5812, stack(0x000000cd62800000,0x000000cd62900000)]
  0x000001f31ca57d70 JavaThread "Service Thread" daemon [_thread_blocked, id=19128, stack(0x000000cd62900000,0x000000cd62a00000)]
  0x000001f31ca58720 JavaThread "Monitor Deflation Thread" daemon [_thread_blocked, id=2252, stack(0x000000cd62a00000,0x000000cd62b00000)]
=>0x000001f31ca594b0 JavaThread "C2 CompilerThread0" daemon [_thread_in_native, id=11560, stack(0x000000cd62b00000,0x000000cd62c00000)]
  0x000001f31cac1a10 JavaThread "C1 CompilerThread0" daemon [_thread_blocked, id=11696, stack(0x000000cd62c00000,0x000000cd62d00000)]
  0x000001f31cac7370 JavaThread "Sweeper thread" daemon [_thread_blocked, id=5540, stack(0x000000cd62d00000,0x000000cd62e00000)]
  0x000001f321090840 JavaThread "Notification Thread" daemon [_thread_blocked, id=18944, stack(0x000000cd62e00000,0x000000cd62f00000)]
  0x000001f321099170 JavaThread "Common-Cleaner" daemon [_thread_blocked, id=6728, stack(0x000000cd63000000,0x000000cd63100000)]

Other Threads:
  0x000001f31ca38520 VMThread "VM Thread" [stack: 0x000000cd62400000,0x000000cd62500000] [id=14100]
  0x000001f321090d10 WatcherThread [stack: 0x000000cd62f00000,0x000000cd63000000] [id=17900]
  0x000001f37fb83da0 GCTaskThread "GC Thread#0" [stack: 0x000000cd61f00000,0x000000cd62000000] [id=15284]
  0x000001f321180520 GCTaskThread "GC Thread#1" [stack: 0x000000cd63100000,0x000000cd63200000] [id=14168]
  0x000001f321563890 GCTaskThread "GC Thread#2" [stack: 0x000000cd63200000,0x000000cd63300000] [id=15316]
  0x000001f32181bd60 GCTaskThread "GC Thread#3" [stack: 0x000000cd63300000,0x000000cd63400000] [id=6628]
  0x000001f37fb90aa0 ConcurrentGCThread "G1 Main Marker" [stack: 0x000000cd62000000,0x000000cd62100000] [id=7528]
  0x000001f37fb924c0 ConcurrentGCThread "G1 Conc#0" [stack: 0x000000cd62100000,0x000000cd62200000] [id=16364]
  0x000001f37fbf2a20 ConcurrentGCThread "G1 Refine#0" [stack: 0x000000cd62200000,0x000000cd62300000] [id=568]
  0x000001f3224cbcd0 ConcurrentGCThread "G1 Refine#1" [stack: 0x000000cd63500000,0x000000cd63600000] [id=7916]
  0x000001f37fbf3440 ConcurrentGCThread "G1 Service" [stack: 0x000000cd62300000,0x000000cd62400000] [id=17352]

Threads with active compile tasks:
C2 CompilerThread0    59117 6679       4       java.net.URLStreamHandler::parseURL (1201 bytes)

VM state: not at safepoint (normal execution)

VM Mutex/Monitor currently owned by a thread: None

Heap address: 0x00000000a1200000, size: 1518 MB, Compressed Oops mode: 32-bit

CDS archive(s) mapped at: [0x0000000800000000-0x0000000800bc0000-0x0000000800bc0000), size 12320768, SharedBaseAddress: 0x0000000800000000, ArchiveRelocationMode: 0.
Compressed class space mapped at: 0x0000000801000000-0x0000000841000000, reserved size: 1073741824
Narrow klass base: 0x0000000800000000, Narrow klass shift: 0, Narrow klass range: 0x100000000

GC Precious Log:
 CPUs: 4 total, 4 available
 Memory: 6064M
 Large Page Support: Disabled
 NUMA Support: Disabled
 Compressed Oops: Enabled (32-bit)
 Heap Region Size: 1M
 Heap Min Capacity: 8M
 Heap Initial Capacity: 96M
 Heap Max Capacity: 1518M
 Pre-touch: Disabled
 Parallel Workers: 4
 Concurrent Workers: 1
 Concurrent Refinement Workers: 4
 Periodic GC: Disabled

Heap:
 garbage-first heap   total 66560K, used 43752K [0x00000000a1200000, 0x0000000100000000)
  region size 1024K, 16 young (16384K), 1 survivors (1024K)
 Metaspace       used 33125K, committed 33408K, reserved 1114112K
  class space    used 3782K, committed 3904K, reserved 1048576K

Heap Regions: E=young(eden), S=young(survivor), O=old, HS=humongous(starts), HC=humongous(continues), CS=collection set, F=free, OA=open archive, CA=closed archive, TAMS=top-at-mark-start (previous, next)
|   0|0x00000000a1200000, 0x00000000a1300000, 0x00000000a1300000|100%| O|  |TAMS 0x00000000a1300000, 0x00000000a1200000| Untracked 
|   1|0x00000000a1300000, 0x00000000a1400000, 0x00000000a1400000|100%| O|  |TAMS 0x00000000a1400000, 0x00000000a1300000| Untracked 
|   2|0x00000000a1400000, 0x00000000a1500000, 0x00000000a1500000|100%| O|  |TAMS 0x00000000a1500000, 0x00000000a1400000| Untracked 
|   3|0x00000000a1500000, 0x00000000a1600000, 0x00000000a1600000|100%| O|  |TAMS 0x00000000a1500000, 0x00000000a1500000| Untracked 
|   4|0x00000000a1600000, 0x00000000a1700000, 0x00000000a1700000|100%| O|  |TAMS 0x00000000a1600000, 0x00000000a1600000| Untracked 
|   5|0x00000000a1700000, 0x00000000a1800000, 0x00000000a1800000|100%| O|  |TAMS 0x00000000a1700000, 0x00000000a1700000| Untracked 
|   6|0x00000000a1800000, 0x00000000a1900000, 0x00000000a1900000|100%| O|  |TAMS 0x00000000a1800000, 0x00000000a1800000| Untracked 
|   7|0x00000000a1900000, 0x00000000a1a00000, 0x00000000a1a00000|100%| O|  |TAMS 0x00000000a1900000, 0x00000000a1900000| Untracked 
|   8|0x00000000a1a00000, 0x00000000a1b00000, 0x00000000a1b00000|100%| O|  |TAMS 0x00000000a1a00000, 0x00000000a1a00000| Untracked 
|   9|0x00000000a1b00000, 0x00000000a1c00000, 0x00000000a1c00000|100%| O|  |TAMS 0x00000000a1b00000, 0x00000000a1b00000| Untracked 
|  10|0x00000000a1c00000, 0x00000000a1d00000, 0x00000000a1d00000|100%| O|  |TAMS 0x00000000a1c00000, 0x00000000a1c00000| Untracked 
|  11|0x00000000a1d00000, 0x00000000a1e00000, 0x00000000a1e00000|100%| O|  |TAMS 0x00000000a1d00000, 0x00000000a1d00000| Untracked 
|  12|0x00000000a1e00000, 0x00000000a1f00000, 0x00000000a1f00000|100%| O|  |TAMS 0x00000000a1e00000, 0x00000000a1e00000| Untracked 
|  13|0x00000000a1f00000, 0x00000000a2000000, 0x00000000a2000000|100%| O|  |TAMS 0x00000000a1f00000, 0x00000000a1f00000| Untracked 
|  14|0x00000000a2000000, 0x00000000a2100000, 0x00000000a2100000|100%|HS|  |TAMS 0x00000000a2000000, 0x00000000a2000000| Complete 
|  15|0x00000000a2100000, 0x00000000a2200000, 0x00000000a2200000|100%|HC|  |TAMS 0x00000000a2100000, 0x00000000a2100000| Complete 
|  16|0x00000000a2200000, 0x00000000a2300000, 0x00000000a2300000|100%|HS|  |TAMS 0x00000000a2200000, 0x00000000a2200000| Complete 
|  17|0x00000000a2300000, 0x00000000a2400000, 0x00000000a2400000|100%|HC|  |TAMS 0x00000000a2300000, 0x00000000a2300000| Complete 
|  18|0x00000000a2400000, 0x00000000a2500000, 0x00000000a2500000|100%| O|  |TAMS 0x00000000a2400000, 0x00000000a2400000| Untracked 
|  19|0x00000000a2500000, 0x00000000a2600000, 0x00000000a2600000|100%| O|  |TAMS 0x00000000a2500000, 0x00000000a2500000| Untracked 
|  20|0x00000000a2600000, 0x00000000a2700000, 0x00000000a2700000|100%| O|  |TAMS 0x00000000a2600000, 0x00000000a2600000| Untracked 
|  21|0x00000000a2700000, 0x00000000a2800000, 0x00000000a2800000|100%| O|  |TAMS 0x00000000a2700000, 0x00000000a2700000| Untracked 
|  22|0x00000000a2800000, 0x00000000a2900000, 0x00000000a2900000|100%| O|  |TAMS 0x00000000a2800000, 0x00000000a2800000| Untracked 
|  23|0x00000000a2900000, 0x00000000a2a00000, 0x00000000a2a00000|100%| O|  |TAMS 0x00000000a2900000, 0x00000000a2900000| Untracked 
|  24|0x00000000a2a00000, 0x00000000a2b00000, 0x00000000a2b00000|100%| O|  |TAMS 0x00000000a2a00000, 0x00000000a2a00000| Untracked 
|  25|0x00000000a2b00000, 0x00000000a2c00000, 0x00000000a2c00000|100%| O|  |TAMS 0x00000000a2b00000, 0x00000000a2b00000| Untracked 
|  26|0x00000000a2c00000, 0x00000000a2cdb000, 0x00000000a2d00000| 85%| O|  |TAMS 0x00000000a2c00000, 0x00000000a2c00000| Untracked 
|  27|0x00000000a2d00000, 0x00000000a2d00000, 0x00000000a2e00000|  0%| F|  |TAMS 0x00000000a2d00000, 0x00000000a2d00000| Untracked 
|  28|0x00000000a2e00000, 0x00000000a2e00000, 0x00000000a2f00000|  0%| F|  |TAMS 0x00000000a2e00000, 0x00000000a2e00000| Untracked 
|  29|0x00000000a2f00000, 0x00000000a2f00000, 0x00000000a3000000|  0%| F|  |TAMS 0x00000000a2f00000, 0x00000000a2f00000| Untracked 
|  30|0x00000000a3000000, 0x00000000a3000000, 0x00000000a3100000|  0%| F|  |TAMS 0x00000000a3000000, 0x00000000a3000000| Untracked 
|  31|0x00000000a3100000, 0x00000000a3200000, 0x00000000a3200000|100%| O|  |TAMS 0x00000000a3100000, 0x00000000a3100000| Untracked 
|  32|0x00000000a3200000, 0x00000000a3200000, 0x00000000a3300000|  0%| F|  |TAMS 0x00000000a3200000, 0x00000000a3200000| Untracked 
|  33|0x00000000a3300000, 0x00000000a3300000, 0x00000000a3400000|  0%| F|  |TAMS 0x00000000a3300000, 0x00000000a3300000| Untracked 
|  34|0x00000000a3400000, 0x00000000a3400000, 0x00000000a3500000|  0%| F|  |TAMS 0x00000000a3400000, 0x00000000a3400000| Untracked 
|  35|0x00000000a3500000, 0x00000000a3500000, 0x00000000a3600000|  0%| F|  |TAMS 0x00000000a3500000, 0x00000000a3500000| Untracked 
|  36|0x00000000a3600000, 0x00000000a3600000, 0x00000000a3700000|  0%| F|  |TAMS 0x00000000a3600000, 0x00000000a3600000| Untracked 
|  37|0x00000000a3700000, 0x00000000a3700000, 0x00000000a3800000|  0%| F|  |TAMS 0x00000000a3700000, 0x00000000a3700000| Untracked 
|  38|0x00000000a3800000, 0x00000000a3800000, 0x00000000a3900000|  0%| F|  |TAMS 0x00000000a3800000, 0x00000000a3800000| Untracked 
|  39|0x00000000a3900000, 0x00000000a3900000, 0x00000000a3a00000|  0%| F|  |TAMS 0x00000000a3900000, 0x00000000a3900000| Untracked 
|  40|0x00000000a3a00000, 0x00000000a3a00000, 0x00000000a3b00000|  0%| F|  |TAMS 0x00000000a3a00000, 0x00000000a3a00000| Untracked 
|  41|0x00000000a3b00000, 0x00000000a3b00000, 0x00000000a3c00000|  0%| F|  |TAMS 0x00000000a3b00000, 0x00000000a3b00000| Untracked 
|  42|0x00000000a3c00000, 0x00000000a3c00000, 0x00000000a3d00000|  0%| F|  |TAMS 0x00000000a3c00000, 0x00000000a3c00000| Untracked 
|  43|0x00000000a3d00000, 0x00000000a3d00000, 0x00000000a3e00000|  0%| F|  |TAMS 0x00000000a3d00000, 0x00000000a3d00000| Untracked 
|  44|0x00000000a3e00000, 0x00000000a3edf2a0, 0x00000000a3f00000| 87%| S|CS|TAMS 0x00000000a3e00000, 0x00000000a3e00000| Complete 
|  45|0x00000000a3f00000, 0x00000000a3f00000, 0x00000000a4000000|  0%| F|  |TAMS 0x00000000a3f00000, 0x00000000a3f00000| Untracked 
|  46|0x00000000a4000000, 0x00000000a4000000, 0x00000000a4100000|  0%| F|  |TAMS 0x00000000a4000000, 0x00000000a4000000| Untracked 
|  47|0x00000000a4100000, 0x00000000a4100000, 0x00000000a4200000|  0%| F|  |TAMS 0x00000000a4100000, 0x00000000a4100000| Untracked 
|  48|0x00000000a4200000, 0x00000000a4200000, 0x00000000a4300000|  0%| F|  |TAMS 0x00000000a4200000, 0x00000000a4200000| Untracked 
|  49|0x00000000a4300000, 0x00000000a4300000, 0x00000000a4400000|  0%| F|  |TAMS 0x00000000a4300000, 0x00000000a4300000| Untracked 
|  50|0x00000000a4400000, 0x00000000a444a180, 0x00000000a4500000| 28%| E|  |TAMS 0x00000000a4400000, 0x00000000a4400000| Complete 
|  51|0x00000000a4500000, 0x00000000a4600000, 0x00000000a4600000|100%| E|CS|TAMS 0x00000000a4500000, 0x00000000a4500000| Complete 
|  52|0x00000000a4600000, 0x00000000a4700000, 0x00000000a4700000|100%| E|CS|TAMS 0x00000000a4600000, 0x00000000a4600000| Complete 
|  53|0x00000000a4700000, 0x00000000a4800000, 0x00000000a4800000|100%| E|CS|TAMS 0x00000000a4700000, 0x00000000a4700000| Complete 
|  54|0x00000000a4800000, 0x00000000a4900000, 0x00000000a4900000|100%| E|CS|TAMS 0x00000000a4800000, 0x00000000a4800000| Complete 
|  55|0x00000000a4900000, 0x00000000a4a00000, 0x00000000a4a00000|100%| E|CS|TAMS 0x00000000a4900000, 0x00000000a4900000| Complete 
|  56|0x00000000a4a00000, 0x00000000a4b00000, 0x00000000a4b00000|100%| E|CS|TAMS 0x00000000a4a00000, 0x00000000a4a00000| Complete 
|  57|0x00000000a4b00000, 0x00000000a4c00000, 0x00000000a4c00000|100%| E|CS|TAMS 0x00000000a4b00000, 0x00000000a4b00000| Complete 
|  58|0x00000000a4c00000, 0x00000000a4d00000, 0x00000000a4d00000|100%| E|CS|TAMS 0x00000000a4c00000, 0x00000000a4c00000| Complete 
|  59|0x00000000a4d00000, 0x00000000a4e00000, 0x00000000a4e00000|100%| E|CS|TAMS 0x00000000a4d00000, 0x00000000a4d00000| Complete 
|  60|0x00000000a4e00000, 0x00000000a4f00000, 0x00000000a4f00000|100%| E|CS|TAMS 0x00000000a4e00000, 0x00000000a4e00000| Complete 
|  61|0x00000000a4f00000, 0x00000000a5000000, 0x00000000a5000000|100%| E|CS|TAMS 0x00000000a4f00000, 0x00000000a4f00000| Complete 
|  62|0x00000000a5000000, 0x00000000a5100000, 0x00000000a5100000|100%| E|CS|TAMS 0x00000000a5000000, 0x00000000a5000000| Complete 
|  63|0x00000000a5100000, 0x00000000a5200000, 0x00000000a5200000|100%| E|CS|TAMS 0x00000000a5100000, 0x00000000a5100000| Complete 
|  95|0x00000000a7100000, 0x00000000a7200000, 0x00000000a7200000|100%| E|CS|TAMS 0x00000000a7100000, 0x00000000a7100000| Complete 

Card table byte_map: [0x000001f316f40000,0x000001f317240000] _byte_map_base: 0x000001f316a37000

Marking Bits (Prev, Next): (CMBitMap*) 0x000001f37fb843f0, (CMBitMap*) 0x000001f37fb843b0
 Prev Bits: [0x000001f318d00000, 0x000001f31a4b8000)
 Next Bits: [0x000001f317540000, 0x000001f318cf8000)

Polling page: 0x000001f37e2e0000

Metaspace:

Usage:
  Non-class:     28.66 MB used.
      Class:      3.69 MB used.
       Both:     32.35 MB used.

Virtual space:
  Non-class space:       64.00 MB reserved,      28.81 MB ( 45%) committed,  1 nodes.
      Class space:        1.00 GB reserved,       3.81 MB ( <1%) committed,  1 nodes.
             Both:        1.06 GB reserved,      32.62 MB (  3%) committed. 

Chunk freelists:
   Non-Class:  2.88 MB
       Class:  12.22 MB
        Both:  15.10 MB

MaxMetaspaceSize: unlimited
CompressedClassSpaceSize: 1.00 GB
Initial GC threshold: 21.00 MB
Current GC threshold: 35.12 MB
CDS: on
MetaspaceReclaimPolicy: balanced
 - commit_granule_bytes: 65536.
 - commit_granule_words: 8192.
 - virtual_space_node_default_size: 8388608.
 - enlarge_chunks_in_place: 1.
 - new_chunks_are_fully_committed: 0.
 - uncommit_free_chunks: 1.
 - use_allocation_guard: 0.
 - handle_deallocations: 1.


Internal statistics:

num_allocs_failed_limit: 3.
num_arena_births: 186.
num_arena_deaths: 0.
num_vsnodes_births: 2.
num_vsnodes_deaths: 0.
num_space_committed: 522.
num_space_uncommitted: 0.
num_chunks_returned_to_freelist: 3.
num_chunks_taken_from_freelist: 1197.
num_chunk_merges: 3.
num_chunk_splits: 848.
num_chunks_enlarged: 643.
num_inconsistent_stats: 0.

CodeHeap 'non-profiled nmethods': size=120000Kb used=3049Kb max_used=3200Kb free=116950Kb
 bounds [0x000001f30f4f0000, 0x000001f30f830000, 0x000001f316a20000]
CodeHeap 'profiled nmethods': size=120000Kb used=11519Kb max_used=13570Kb free=108480Kb
 bounds [0x000001f307a20000, 0x000001f308770000, 0x000001f30ef50000]
CodeHeap 'non-nmethods': size=5760Kb used=1255Kb max_used=1307Kb free=4504Kb
 bounds [0x000001f30ef50000, 0x000001f30f1c0000, 0x000001f30f4f0000]
 total_blobs=6274 nmethods=5711 adapters=475
 compilation: enabled
              stopped_count=0, restarted_count=0
 full_count=0

Compilation events (20 events):
Event: 58.753 Thread 0x000001f31cac1a10 nmethod 6678 0x000001f307e70990 code [0x000001f307e70b40, 0x000001f307e70d88]
Event: 58.762 Thread 0x000001f31ca594b0 6679       4       java.net.URLStreamHandler::parseURL (1201 bytes)
Event: 58.765 Thread 0x000001f31cac1a10 6680   !   3       java.util.zip.ZipFile::close (44 bytes)
Event: 58.765 Thread 0x000001f31cac1a10 nmethod 6680 0x000001f307ff6f90 code [0x000001f307ff71a0, 0x000001f307ff7878]
Event: 58.766 Thread 0x000001f31cac1a10 6681       3       java.util.zip.ZipFile$CleanableResource::clean (10 bytes)
Event: 58.766 Thread 0x000001f31cac1a10 nmethod 6681 0x000001f3082f0410 code [0x000001f3082f05e0, 0x000001f3082f09c8]
Event: 58.766 Thread 0x000001f31cac1a10 6682       3       java.util.Collections$SetFromMap::isEmpty (10 bytes)
Event: 58.766 Thread 0x000001f31cac1a10 nmethod 6682 0x000001f307d11e10 code [0x000001f307d11fc0, 0x000001f307d12188]
Event: 58.766 Thread 0x000001f31cac1a10 6683   !   3       java.util.zip.ZipFile$Source::release (50 bytes)
Event: 58.766 Thread 0x000001f31cac1a10 nmethod 6683 0x000001f3083e1690 code [0x000001f3083e1860, 0x000001f3083e1bd8]
Event: 58.815 Thread 0x000001f31cac1a10 6684       3       sun.net.www.URLConnection::<init> (22 bytes)
Event: 58.815 Thread 0x000001f31cac1a10 nmethod 6684 0x000001f307e23c10 code [0x000001f307e23de0, 0x000001f307e240d8]
Event: 58.815 Thread 0x000001f31cac1a10 6685       3       sun.net.www.MessageHeader::<init> (9 bytes)
Event: 58.815 Thread 0x000001f31cac1a10 nmethod 6685 0x000001f307c4fc10 code [0x000001f307c4fdc0, 0x000001f307c4ff48]
Event: 58.815 Thread 0x000001f31cac1a10 6686       3       sun.net.www.MessageHeader::grow (92 bytes)
Event: 58.816 Thread 0x000001f31cac1a10 nmethod 6686 0x000001f307c55b90 code [0x000001f307c55d60, 0x000001f307c562f8]
Event: 58.816 Thread 0x000001f31cac1a10 6687  s    3       sun.net.www.protocol.file.Handler::openConnection (7 bytes)
Event: 58.816 Thread 0x000001f31cac1a10 nmethod 6687 0x000001f307d3c310 code [0x000001f307d3c4c0, 0x000001f307d3c6c8]
Event: 58.816 Thread 0x000001f31cac1a10 6688  s!   3       sun.net.www.protocol.file.Handler::openConnection (271 bytes)
Event: 58.819 Thread 0x000001f31cac1a10 nmethod 6688 0x000001f307c05f90 code [0x000001f307c06500, 0x000001f307c08ad8]

GC Heap History (20 events):
Event: 4.735 GC heap before
{Heap before GC invocations=1 (full 0):
 garbage-first heap   total 98304K, used 16432K [0x00000000a1200000, 0x0000000100000000)
  region size 1024K, 15 young (15360K), 2 survivors (2048K)
 Metaspace       used 5208K, committed 5376K, reserved 1114112K
  class space    used 609K, committed 704K, reserved 1048576K
}
Event: 4.742 GC heap after
{Heap after GC invocations=2 (full 0):
 garbage-first heap   total 98304K, used 3905K [0x00000000a1200000, 0x0000000100000000)
  region size 1024K, 1 young (1024K), 1 survivors (1024K)
 Metaspace       used 5208K, committed 5376K, reserved 1114112K
  class space    used 609K, committed 704K, reserved 1048576K
}
Event: 8.330 GC heap before
{Heap before GC invocations=2 (full 0):
 garbage-first heap   total 98304K, used 32577K [0x00000000a1200000, 0x0000000100000000)
  region size 1024K, 29 young (29696K), 1 survivors (1024K)
 Metaspace       used 10260K, committed 10432K, reserved 1114112K
  class space    used 1255K, committed 1344K, reserved 1048576K
}
Event: 8.340 GC heap after
{Heap after GC invocations=3 (full 0):
 garbage-first heap   total 98304K, used 5865K [0x00000000a1200000, 0x0000000100000000)
  region size 1024K, 3 young (3072K), 3 survivors (3072K)
 Metaspace       used 10260K, committed 10432K, reserved 1114112K
  class space    used 1255K, committed 1344K, reserved 1048576K
}
Event: 19.924 GC heap before
{Heap before GC invocations=3 (full 0):
 garbage-first heap   total 98304K, used 58089K [0x00000000a1200000, 0x0000000100000000)
  region size 1024K, 55 young (56320K), 3 survivors (3072K)
 Metaspace       used 21286K, committed 21504K, reserved 1114112K
  class space    used 2500K, committed 2624K, reserved 1048576K
}
Event: 19.947 GC heap after
{Heap after GC invocations=4 (full 0):
 garbage-first heap   total 98304K, used 11443K [0x00000000a1200000, 0x0000000100000000)
  region size 1024K, 8 young (8192K), 8 survivors (8192K)
 Metaspace       used 21286K, committed 21504K, reserved 1114112K
  class space    used 2500K, committed 2624K, reserved 1048576K
}
Event: 21.210 GC heap before
{Heap before GC invocations=5 (full 0):
 garbage-first heap   total 45056K, used 29875K [0x00000000a1200000, 0x0000000100000000)
  region size 1024K, 26 young (26624K), 8 survivors (8192K)
 Metaspace       used 21733K, committed 22016K, reserved 1114112K
  class space    used 2531K, committed 2688K, reserved 1048576K
}
Event: 21.233 GC heap after
{Heap after GC invocations=6 (full 0):
 garbage-first heap   total 45056K, used 13355K [0x00000000a1200000, 0x0000000100000000)
  region size 1024K, 2 young (2048K), 2 survivors (2048K)
 Metaspace       used 21733K, committed 22016K, reserved 1114112K
  class space    used 2531K, committed 2688K, reserved 1048576K
}
Event: 21.296 GC heap before
{Heap before GC invocations=6 (full 0):
 garbage-first heap   total 45056K, used 14379K [0x00000000a1200000, 0x0000000100000000)
  region size 1024K, 3 young (3072K), 2 survivors (2048K)
 Metaspace       used 21759K, committed 22016K, reserved 1114112K
  class space    used 2531K, committed 2688K, reserved 1048576K
}
Event: 21.301 GC heap after
{Heap after GC invocations=7 (full 0):
 garbage-first heap   total 45056K, used 13317K [0x00000000a1200000, 0x0000000100000000)
  region size 1024K, 1 young (1024K), 1 survivors (1024K)
 Metaspace       used 21759K, committed 22016K, reserved 1114112K
  class space    used 2531K, committed 2688K, reserved 1048576K
}
Event: 26.638 GC heap before
{Heap before GC invocations=7 (full 0):
 garbage-first heap   total 45056K, used 32773K [0x00000000a1200000, 0x0000000100000000)
  region size 1024K, 20 young (20480K), 1 survivors (1024K)
 Metaspace       used 22430K, committed 22720K, reserved 1114112K
  class space    used 2546K, committed 2688K, reserved 1048576K
}
Event: 26.643 GC heap after
{Heap after GC invocations=8 (full 0):
 garbage-first heap   total 66560K, used 13510K [0x00000000a1200000, 0x0000000100000000)
  region size 1024K, 1 young (1024K), 1 survivors (1024K)
 Metaspace       used 22430K, committed 22720K, reserved 1114112K
  class space    used 2546K, committed 2688K, reserved 1048576K
}
Event: 32.184 GC heap before
{Heap before GC invocations=8 (full 0):
 garbage-first heap   total 66560K, used 52422K [0x00000000a1200000, 0x0000000100000000)
  region size 1024K, 35 young (35840K), 1 survivors (1024K)
 Metaspace       used 32132K, committed 32384K, reserved 1114112K
  class space    used 3734K, committed 3840K, reserved 1048576K
}
Event: 32.209 GC heap after
{Heap after GC invocations=9 (full 0):
 garbage-first heap   total 66560K, used 27129K [0x00000000a1200000, 0x0000000100000000)
  region size 1024K, 5 young (5120K), 5 survivors (5120K)
 Metaspace       used 32132K, committed 32384K, reserved 1114112K
  class space    used 3734K, committed 3840K, reserved 1048576K
}
Event: 41.467 GC heap before
{Heap before GC invocations=9 (full 0):
 garbage-first heap   total 66560K, used 46585K [0x00000000a1200000, 0x0000000100000000)
  region size 1024K, 24 young (24576K), 5 survivors (5120K)
 Metaspace       used 32687K, committed 32960K, reserved 1114112K
  class space    used 3775K, committed 3904K, reserved 1048576K
}
Event: 41.483 GC heap after
{Heap after GC invocations=10 (full 0):
 garbage-first heap   total 66560K, used 28944K [0x00000000a1200000, 0x0000000100000000)
  region size 1024K, 2 young (2048K), 2 survivors (2048K)
 Metaspace       used 32687K, committed 32960K, reserved 1114112K
  class space    used 3775K, committed 3904K, reserved 1048576K
}
Event: 52.316 GC heap before
{Heap before GC invocations=10 (full 0):
 garbage-first heap   total 66560K, used 48400K [0x00000000a1200000, 0x0000000100000000)
  region size 1024K, 21 young (21504K), 2 survivors (2048K)
 Metaspace       used 32860K, committed 33152K, reserved 1114112K
  class space    used 3776K, committed 3904K, reserved 1048576K
}
Event: 52.322 GC heap after
{Heap after GC invocations=11 (full 0):
 garbage-first heap   total 66560K, used 29156K [0x00000000a1200000, 0x0000000100000000)
  region size 1024K, 2 young (2048K), 2 survivors (2048K)
 Metaspace       used 32860K, committed 33152K, reserved 1114112K
  class space    used 3776K, committed 3904K, reserved 1048576K
}
Event: 56.489 GC heap before
{Heap before GC invocations=11 (full 0):
 garbage-first heap   total 66560K, used 49636K [0x00000000a1200000, 0x0000000100000000)
  region size 1024K, 22 young (22528K), 2 survivors (2048K)
 Metaspace       used 32978K, committed 33280K, reserved 1114112K
  class space    used 3777K, committed 3904K, reserved 1048576K
}
Event: 56.496 GC heap after
{Heap after GC invocations=12 (full 0):
 garbage-first heap   total 66560K, used 29416K [0x00000000a1200000, 0x0000000100000000)
  region size 1024K, 1 young (1024K), 1 survivors (1024K)
 Metaspace       used 32978K, committed 33280K, reserved 1114112K
  class space    used 3777K, committed 3904K, reserved 1048576K
}

Dll operation events (9 events):
Event: 0.498 Loaded shared library C:\Program Files\Eclipse Adoptium\jdk-17.0.7.7-hotspot\bin\java.dll
Event: 0.515 Loaded shared library C:\Program Files\Eclipse Adoptium\jdk-17.0.7.7-hotspot\bin\jsvml.dll
Event: 0.747 Loaded shared library C:\Program Files\Eclipse Adoptium\jdk-17.0.7.7-hotspot\bin\net.dll
Event: 0.756 Loaded shared library C:\Program Files\Eclipse Adoptium\jdk-17.0.7.7-hotspot\bin\nio.dll
Event: 0.761 Loaded shared library C:\Program Files\Eclipse Adoptium\jdk-17.0.7.7-hotspot\bin\zip.dll
Event: 1.591 Loaded shared library C:\Program Files\Eclipse Adoptium\jdk-17.0.7.7-hotspot\bin\jimage.dll
Event: 1.666 Loaded shared library C:\Program Files\NetBeans-13\netbeans\java\maven\lib\jansi-native\Windows\x86_64\jansi.dll
Event: 1.704 Loaded shared library C:\Program Files\Eclipse Adoptium\jdk-17.0.7.7-hotspot\bin\verify.dll
Event: 13.547 Loaded shared library C:\Program Files\Eclipse Adoptium\jdk-17.0.7.7-hotspot\bin\sunmscapi.dll

Deoptimization events (20 events):
Event: 56.574 Thread 0x000001f3229fa880 DEOPT PACKING pc=0x000001f30f817798 sp=0x000000cd637fe3a0
Event: 56.574 Thread 0x000001f3229fa880 DEOPT UNPACKING pc=0x000001f30efa69a3 sp=0x000000cd637fe3b0 mode 2
Event: 56.574 Thread 0x000001f3229fa880 Uncommon trap: trap_request=0xffffffc6 fr.pc=0x000001f30f817798 relative=0x0000000000006f98
Event: 56.574 Thread 0x000001f3229fa880 Uncommon trap: reason=bimorphic_or_optimized_type_check action=maybe_recompile pc=0x000001f30f817798 method=org.apache.maven.cli.transfer.AbstractMavenTransferListener$FileSizeFormat.format(JLorg/apache/maven/cli/transfer/AbstractMavenTransferListener$Fil
Event: 56.574 Thread 0x000001f3229fa880 DEOPT PACKING pc=0x000001f30f817798 sp=0x000000cd637fe350
Event: 56.574 Thread 0x000001f3229fa880 DEOPT UNPACKING pc=0x000001f30efa69a3 sp=0x000000cd637fe360 mode 2
Event: 56.574 Thread 0x000001f3229fa880 Uncommon trap: trap_request=0xffffffc6 fr.pc=0x000001f30f817798 relative=0x0000000000006f98
Event: 56.574 Thread 0x000001f3229fa880 Uncommon trap: reason=bimorphic_or_optimized_type_check action=maybe_recompile pc=0x000001f30f817798 method=org.apache.maven.cli.transfer.AbstractMavenTransferListener$FileSizeFormat.format(JLorg/apache/maven/cli/transfer/AbstractMavenTransferListener$Fil
Event: 56.574 Thread 0x000001f3229fa880 DEOPT PACKING pc=0x000001f30f817798 sp=0x000000cd637fe3a0
Event: 56.574 Thread 0x000001f3229fa880 DEOPT UNPACKING pc=0x000001f30efa69a3 sp=0x000000cd637fe3b0 mode 2
Event: 56.574 Thread 0x000001f3229fa880 Uncommon trap: trap_request=0xffffffc6 fr.pc=0x000001f30f817798 relative=0x0000000000006f98
Event: 56.574 Thread 0x000001f3229fa880 Uncommon trap: reason=bimorphic_or_optimized_type_check action=maybe_recompile pc=0x000001f30f817798 method=org.apache.maven.cli.transfer.AbstractMavenTransferListener$FileSizeFormat.format(JLorg/apache/maven/cli/transfer/AbstractMavenTransferListener$Fil
Event: 56.574 Thread 0x000001f3229fa880 DEOPT PACKING pc=0x000001f30f817798 sp=0x000000cd637fe350
Event: 56.574 Thread 0x000001f3229fa880 DEOPT UNPACKING pc=0x000001f30efa69a3 sp=0x000000cd637fe360 mode 2
Event: 57.186 Thread 0x000001f3227ac010 DEOPT PACKING pc=0x000001f308069d79 sp=0x000000cd638fdd60
Event: 57.186 Thread 0x000001f3227ac010 DEOPT UNPACKING pc=0x000001f30efa7143 sp=0x000000cd638fd220 mode 0
Event: 58.620 Thread 0x000001f37fb39230 Uncommon trap: trap_request=0xffffffd6 fr.pc=0x000001f30f745f90 relative=0x0000000000000370
Event: 58.620 Thread 0x000001f37fb39230 Uncommon trap: reason=array_check action=maybe_recompile pc=0x000001f30f745f90 method=java.util.LinkedHashMap.valuesToArray([Ljava/lang/Object;)[Ljava/lang/Object; @ 25 c2
Event: 58.620 Thread 0x000001f37fb39230 DEOPT PACKING pc=0x000001f30f745f90 sp=0x000000cd61efd1b0
Event: 58.620 Thread 0x000001f37fb39230 DEOPT UNPACKING pc=0x000001f30efa69a3 sp=0x000000cd61efd158 mode 2

Classes unloaded (0 events):
No events

Classes redefined (0 events):
No events

Internal exceptions (20 events):
Event: 52.579 Thread 0x000001f37fb39230 Implicit null exception at 0x000001f30857d8bf to 0x000001f308582802
Event: 52.579 Thread 0x000001f37fb39230 Exception <a 'java/lang/NullPointerException'{0x00000000a71679f0}> (0x00000000a71679f0) 
thrown [s\src\hotspot\share\runtime\sharedRuntime.cpp, line 628]
Event: 53.001 Thread 0x000001f37fb39230 Implicit null exception at 0x000001f30857d8bf to 0x000001f308582802
Event: 53.001 Thread 0x000001f37fb39230 Exception <a 'java/lang/NullPointerException'{0x00000000a5197470}> (0x00000000a5197470) 
thrown [s\src\hotspot\share\runtime\sharedRuntime.cpp, line 628]
Event: 53.001 Thread 0x000001f37fb39230 Implicit null exception at 0x000001f30857d8bf to 0x000001f308582802
Event: 53.001 Thread 0x000001f37fb39230 Exception <a 'java/lang/NullPointerException'{0x00000000a51979f0}> (0x00000000a51979f0) 
thrown [s\src\hotspot\share\runtime\sharedRuntime.cpp, line 628]
Event: 53.001 Thread 0x000001f37fb39230 Implicit null exception at 0x000001f30857d8bf to 0x000001f308582802
Event: 53.001 Thread 0x000001f37fb39230 Exception <a 'java/lang/NullPointerException'{0x00000000a5197f70}> (0x00000000a5197f70) 
thrown [s\src\hotspot\share\runtime\sharedRuntime.cpp, line 628]
Event: 53.001 Thread 0x000001f37fb39230 Implicit null exception at 0x000001f30857d8bf to 0x000001f308582802
Event: 53.001 Thread 0x000001f37fb39230 Exception <a 'java/lang/NullPointerException'{0x00000000a5198a10}> (0x00000000a5198a10) 
thrown [s\src\hotspot\share\runtime\sharedRuntime.cpp, line 628]
Event: 53.001 Thread 0x000001f37fb39230 Implicit null exception at 0x000001f30857d8bf to 0x000001f308582802
Event: 53.001 Thread 0x000001f37fb39230 Exception <a 'java/lang/NullPointerException'{0x00000000a5198f90}> (0x00000000a5198f90) 
thrown [s\src\hotspot\share\runtime\sharedRuntime.cpp, line 628]
Event: 53.001 Thread 0x000001f37fb39230 Implicit null exception at 0x000001f30857d8bf to 0x000001f308582802
Event: 53.001 Thread 0x000001f37fb39230 Exception <a 'java/lang/NullPointerException'{0x00000000a5199510}> (0x00000000a5199510) 
thrown [s\src\hotspot\share\runtime\sharedRuntime.cpp, line 628]
Event: 53.001 Thread 0x000001f37fb39230 Implicit null exception at 0x000001f30857d8bf to 0x000001f308582802
Event: 53.001 Thread 0x000001f37fb39230 Exception <a 'java/lang/NullPointerException'{0x00000000a519a070}> (0x00000000a519a070) 
thrown [s\src\hotspot\share\runtime\sharedRuntime.cpp, line 628]
Event: 53.001 Thread 0x000001f37fb39230 Implicit null exception at 0x000001f30857d8bf to 0x000001f308582802
Event: 53.002 Thread 0x000001f37fb39230 Exception <a 'java/lang/NullPointerException'{0x00000000a519a5f0}> (0x00000000a519a5f0) 
thrown [s\src\hotspot\share\runtime\sharedRuntime.cpp, line 628]
Event: 53.002 Thread 0x000001f37fb39230 Implicit null exception at 0x000001f30857d8bf to 0x000001f308582802
Event: 53.002 Thread 0x000001f37fb39230 Exception <a 'java/lang/NullPointerException'{0x00000000a519ab70}> (0x00000000a519ab70) 
thrown [s\src\hotspot\share\runtime\sharedRuntime.cpp, line 628]

VM Operations (20 events):
Event: 52.316 Executing VM operation: G1CollectForAllocation
Event: 52.322 Executing VM operation: G1CollectForAllocation done
Event: 53.322 Executing VM operation: Cleanup
Event: 53.322 Executing VM operation: Cleanup done
Event: 54.166 Executing VM operation: HandshakeAllThreads
Event: 54.167 Executing VM operation: HandshakeAllThreads done
Event: 54.280 Executing VM operation: HandshakeAllThreads
Event: 54.281 Executing VM operation: HandshakeAllThreads done
Event: 54.595 Executing VM operation: HandshakeAllThreads
Event: 54.595 Executing VM operation: HandshakeAllThreads done
Event: 54.595 Executing VM operation: Cleanup
Event: 54.595 Executing VM operation: Cleanup done
Event: 55.597 Executing VM operation: Cleanup
Event: 55.597 Executing VM operation: Cleanup done
Event: 56.489 Executing VM operation: G1CollectForAllocation
Event: 56.496 Executing VM operation: G1CollectForAllocation done
Event: 57.502 Executing VM operation: Cleanup
Event: 57.502 Executing VM operation: Cleanup done
Event: 58.511 Executing VM operation: Cleanup
Event: 58.511 Executing VM operation: Cleanup done

Events (20 events):
Event: 54.614 Thread 0x000001f31cac7370 flushing nmethod 0x000001f3084ae390
Event: 54.614 Thread 0x000001f31cac7370 flushing nmethod 0x000001f3084b3210
Event: 54.614 Thread 0x000001f31cac7370 flushing nmethod 0x000001f3084b8790
Event: 54.614 Thread 0x000001f31cac7370 flushing nmethod 0x000001f3084bad10
Event: 54.614 Thread 0x000001f31cac7370 flushing nmethod 0x000001f3084be390
Event: 54.614 Thread 0x000001f31cac7370 flushing nmethod 0x000001f3084cef10
Event: 54.614 Thread 0x000001f31cac7370 flushing nmethod 0x000001f3084dd290
Event: 54.614 Thread 0x000001f31cac7370 flushing nmethod 0x000001f3084dde90
Event: 54.614 Thread 0x000001f31cac7370 flushing nmethod 0x000001f3084e0290
Event: 54.615 Thread 0x000001f31cac7370 flushing nmethod 0x000001f3084ed510
Event: 54.615 Thread 0x000001f31cac7370 flushing nmethod 0x000001f3084ffe90
Event: 54.615 Thread 0x000001f31cac7370 flushing nmethod 0x000001f308505510
Event: 54.615 Thread 0x000001f31cac7370 flushing nmethod 0x000001f308507a90
Event: 54.615 Thread 0x000001f31cac7370 flushing nmethod 0x000001f30850c910
Event: 54.615 Thread 0x000001f31cac7370 flushing nmethod 0x000001f308556a10
Event: 57.893 Thread 0x000001f3227ac010 Thread exited: 0x000001f3227ac010
Event: 57.894 Thread 0x000001f3238714e0 Thread exited: 0x000001f3238714e0
Event: 57.894 Thread 0x000001f3229fa880 Thread exited: 0x000001f3229fa880
Event: 57.895 Thread 0x000001f323871010 Thread exited: 0x000001f323871010
Event: 57.895 Thread 0x000001f3227ac4e0 Thread exited: 0x000001f3227ac4e0


Dynamic libraries:
0x00007ff63a4a0000 - 0x00007ff63a4ae000 	C:\Program Files\Eclipse Adoptium\jdk-17.0.7.7-hotspot\bin\java.exe
0x00007ffc09370000 - 0x00007ffc09584000 	C:\WINDOWS\SYSTEM32\ntdll.dll
0x00007ffc07a80000 - 0x00007ffc07b42000 	C:\WINDOWS\System32\KERNEL32.DLL
0x00007ffc067e0000 - 0x00007ffc06b83000 	C:\WINDOWS\System32\KERNELBASE.dll
0x00007ffc07030000 - 0x00007ffc07141000 	C:\WINDOWS\System32\ucrtbase.dll
0x00007ffbe6c20000 - 0x00007ffbe6c37000 	C:\Program Files\Eclipse Adoptium\jdk-17.0.7.7-hotspot\bin\jli.dll
0x00007ffc07680000 - 0x00007ffc0782a000 	C:\WINDOWS\System32\USER32.dll
0x00007ffc07000000 - 0x00007ffc07026000 	C:\WINDOWS\System32\win32u.dll
0x00007ffc08190000 - 0x00007ffc081b9000 	C:\WINDOWS\System32\GDI32.dll
0x00007ffc06da0000 - 0x00007ffc06eb9000 	C:\WINDOWS\System32\gdi32full.dll
0x00007ffc06b90000 - 0x00007ffc06c2a000 	C:\WINDOWS\System32\msvcp_win.dll
0x00007ffbebb60000 - 0x00007ffbebdee000 	C:\WINDOWS\WinSxS\amd64_microsoft.windows.common-controls_6595b64144ccf1df_6.0.22621.1635_none_270f70857386168e\COMCTL32.dll
0x00007ffc080e0000 - 0x00007ffc08187000 	C:\WINDOWS\System32\msvcrt.dll
0x00007ffbedb90000 - 0x00007ffbedba9000 	C:\Program Files\Eclipse Adoptium\jdk-17.0.7.7-hotspot\bin\VCRUNTIME140.dll
0x00007ffc07640000 - 0x00007ffc07671000 	C:\WINDOWS\System32\IMM32.DLL
0x00007ffbedb80000 - 0x00007ffbedb8c000 	C:\Program Files\Eclipse Adoptium\jdk-17.0.7.7-hotspot\bin\vcruntime140_1.dll
0x00007ffbcaa90000 - 0x00007ffbcab21000 	C:\Program Files\Eclipse Adoptium\jdk-17.0.7.7-hotspot\bin\msvcp140.dll
0x00007ffbbd6a0000 - 0x00007ffbbe2e8000 	C:\Program Files\Eclipse Adoptium\jdk-17.0.7.7-hotspot\bin\server\jvm.dll
0x00007ffc079c0000 - 0x00007ffc07a6e000 	C:\WINDOWS\System32\ADVAPI32.dll
0x00007ffc073f0000 - 0x00007ffc07494000 	C:\WINDOWS\System32\sechost.dll
0x00007ffc08250000 - 0x00007ffc08367000 	C:\WINDOWS\System32\RPCRT4.dll
0x00007ffbe6940000 - 0x00007ffbe6949000 	C:\WINDOWS\SYSTEM32\WSOCK32.dll
0x00007ffc081c0000 - 0x00007ffc08231000 	C:\WINDOWS\System32\WS2_32.dll
0x00007ffbfdf80000 - 0x00007ffbfdfb4000 	C:\WINDOWS\SYSTEM32\WINMM.dll
0x00007ffbfdfc0000 - 0x00007ffbfdfca000 	C:\WINDOWS\SYSTEM32\VERSION.dll
0x00007ffc057b0000 - 0x00007ffc057c8000 	C:\WINDOWS\SYSTEM32\kernel.appcore.dll
0x00007ffbe8110000 - 0x00007ffbe811a000 	C:\Program Files\Eclipse Adoptium\jdk-17.0.7.7-hotspot\bin\jimage.dll
0x00007ffbf5300000 - 0x00007ffbf552e000 	C:\WINDOWS\SYSTEM32\DBGHELP.DLL
0x00007ffc083a0000 - 0x00007ffc08729000 	C:\WINDOWS\System32\combase.dll
0x00007ffc07310000 - 0x00007ffc073e7000 	C:\WINDOWS\System32\OLEAUT32.dll
0x00007ffbed4d0000 - 0x00007ffbed502000 	C:\WINDOWS\SYSTEM32\dbgcore.DLL
0x00007ffc06f80000 - 0x00007ffc06ffa000 	C:\WINDOWS\System32\bcryptPrimitives.dll
0x00007ffbe8640000 - 0x00007ffbe8665000 	C:\Program Files\Eclipse Adoptium\jdk-17.0.7.7-hotspot\bin\java.dll
0x00007ffbcacc0000 - 0x00007ffbcad96000 	C:\Program Files\Eclipse Adoptium\jdk-17.0.7.7-hotspot\bin\jsvml.dll
0x00007ffc08900000 - 0x00007ffc090f9000 	C:\WINDOWS\System32\SHELL32.dll
0x00007ffc04760000 - 0x00007ffc0502e000 	C:\WINDOWS\SYSTEM32\windows.storage.dll
0x00007ffc04620000 - 0x00007ffc0475e000 	C:\WINDOWS\SYSTEM32\wintypes.dll
0x00007ffc09230000 - 0x00007ffc09321000 	C:\WINDOWS\System32\SHCORE.dll
0x00007ffc08840000 - 0x00007ffc0889e000 	C:\WINDOWS\System32\shlwapi.dll
0x00007ffc066a0000 - 0x00007ffc066c6000 	C:\WINDOWS\SYSTEM32\profapi.dll
0x00007ffbe80f0000 - 0x00007ffbe8109000 	C:\Program Files\Eclipse Adoptium\jdk-17.0.7.7-hotspot\bin\net.dll
0x00007ffbfe4b0000 - 0x00007ffbfe5e7000 	C:\WINDOWS\SYSTEM32\WINHTTP.dll
0x00007ffc05c30000 - 0x00007ffc05c99000 	C:\WINDOWS\system32\mswsock.dll
0x00007ffbce480000 - 0x00007ffbce495000 	C:\Program Files\Eclipse Adoptium\jdk-17.0.7.7-hotspot\bin\nio.dll
0x00007ffbce460000 - 0x00007ffbce478000 	C:\Program Files\Eclipse Adoptium\jdk-17.0.7.7-hotspot\bin\zip.dll
0x0000000069ac0000 - 0x0000000069ae4000 	C:\Program Files\NetBeans-13\netbeans\java\maven\lib\jansi-native\Windows\x86_64\jansi.dll
0x00007ffbdfd90000 - 0x00007ffbdfda0000 	C:\Program Files\Eclipse Adoptium\jdk-17.0.7.7-hotspot\bin\verify.dll
0x00007ffc05e90000 - 0x00007ffc05eab000 	C:\WINDOWS\SYSTEM32\CRYPTSP.dll
0x00007ffc05720000 - 0x00007ffc05755000 	C:\WINDOWS\system32\rsaenh.dll
0x00007ffc05d30000 - 0x00007ffc05d5c000 	C:\WINDOWS\SYSTEM32\USERENV.dll
0x00007ffc06050000 - 0x00007ffc06078000 	C:\WINDOWS\SYSTEM32\bcrypt.dll
0x00007ffc05eb0000 - 0x00007ffc05ebc000 	C:\WINDOWS\SYSTEM32\CRYPTBASE.dll
0x00007ffc052d0000 - 0x00007ffc052fd000 	C:\WINDOWS\SYSTEM32\IPHLPAPI.DLL
0x00007ffc07a70000 - 0x00007ffc07a79000 	C:\WINDOWS\System32\NSI.dll
0x00007ffbff5a0000 - 0x00007ffbff5b9000 	C:\WINDOWS\SYSTEM32\dhcpcsvc6.DLL
0x00007ffbfe490000 - 0x00007ffbfe4af000 	C:\WINDOWS\SYSTEM32\dhcpcsvc.DLL
0x00007ffc05350000 - 0x00007ffc05443000 	C:\WINDOWS\SYSTEM32\DNSAPI.dll
0x00007ffbef580000 - 0x00007ffbef58a000 	C:\Windows\System32\rasadhlp.dll
0x00007ffbfd820000 - 0x00007ffbfd8a4000 	C:\WINDOWS\System32\fwpuclnt.dll
0x00007ffbebf20000 - 0x00007ffbebf2e000 	C:\Program Files\Eclipse Adoptium\jdk-17.0.7.7-hotspot\bin\sunmscapi.dll
0x00007ffc06c30000 - 0x00007ffc06d97000 	C:\WINDOWS\System32\CRYPT32.dll
0x00007ffc06020000 - 0x00007ffc0604e000 	C:\WINDOWS\SYSTEM32\ncrypt.dll
0x00007ffc05fe0000 - 0x00007ffc06017000 	C:\WINDOWS\SYSTEM32\NTASN1.dll

dbghelp: loaded successfully - version: 4.0.5 - missing functions: none
symbol engine: initialized successfully - sym options: 0x614 - pdb path: .;C:\Program Files\Eclipse Adoptium\jdk-17.0.7.7-hotspot\bin;C:\WINDOWS\SYSTEM32;C:\WINDOWS\WinSxS\amd64_microsoft.windows.common-controls_6595b64144ccf1df_6.0.22621.1635_none_270f70857386168e;C:\Program Files\Eclipse Adoptium\jdk-17.0.7.7-hotspot\bin\server;C:\Program Files\NetBeans-13\netbeans\java\maven\lib\jansi-native\Windows\x86_64

VM Arguments:
jvm_args: -Dclassworlds.conf=C:\Program Files\NetBeans-13\netbeans\java\maven\bin\m2.conf -Dmaven.home=C:\Program Files\NetBeans-13\netbeans\java\maven -Dlibrary.jansi.path=C:\Program Files\NetBeans-13\netbeans\java\maven\lib\jansi-native -Dmaven.multiModuleProjectDirectory=C:\Users\gabri\Documents\NetBeansProjects\PruebaProyecto2P 
java_command: org.codehaus.plexus.classworlds.launcher.Launcher -Dexec.vmArgs= -Dexec.appArgs= -Dmaven.ext.class.path=C:\Program Files\NetBeans-13\netbeans\java\maven-nblib\netbeans-eventspy.jar -Dfile.encoding=UTF-8 clean javafx:run
java_class_path (initial): C:\Program Files\NetBeans-13\netbeans\java\maven\boot\plexus-classworlds-2.6.0.jar
Launcher Type: SUN_STANDARD

[Global flags]
     intx CICompilerCount                          = 3                                         {product} {ergonomic}
     uint ConcGCThreads                            = 1                                         {product} {ergonomic}
     uint G1ConcRefinementThreads                  = 4                                         {product} {ergonomic}
   size_t G1HeapRegionSize                         = 1048576                                   {product} {ergonomic}
    uintx GCDrainStackTargetSize                   = 64                                        {product} {ergonomic}
   size_t InitialHeapSize                          = 100663296                                 {product} {ergonomic}
   size_t MarkStackSize                            = 4194304                                   {product} {ergonomic}
   size_t MaxHeapSize                              = 1591738368                                {product} {ergonomic}
   size_t MaxNewSize                               = 954204160                                 {product} {ergonomic}
   size_t MinHeapDeltaBytes                        = 1048576                                   {product} {ergonomic}
   size_t MinHeapSize                              = 8388608                                   {product} {ergonomic}
    uintx NonNMethodCodeHeapSize                   = 5832780                                {pd product} {ergonomic}
    uintx NonProfiledCodeHeapSize                  = 122912730                              {pd product} {ergonomic}
    uintx ProfiledCodeHeapSize                     = 122912730                              {pd product} {ergonomic}
    uintx ReservedCodeCacheSize                    = 251658240                              {pd product} {ergonomic}
     bool SegmentedCodeCache                       = true                                      {product} {ergonomic}
   size_t SoftMaxHeapSize                          = 1591738368                             {manageable} {ergonomic}
     bool UseCompressedClassPointers               = true                           {product lp64_product} {ergonomic}
     bool UseCompressedOops                        = true                           {product lp64_product} {ergonomic}
     bool UseG1GC                                  = true                                      {product} {ergonomic}
     bool UseLargePagesIndividualAllocation        = false                                  {pd product} {ergonomic}

Logging:
Log output configuration:
 #0: stdout all=warning uptime,level,tags
 #1: stderr all=off uptime,level,tags

Environment Variables:
JAVA_HOME=C:\Program Files\Eclipse Adoptium\jdk-17.0.7.7-hotspot
PATH=C:\Program Files\Eclipse Adoptium\jdk-17.0.7.7-hotspot\bin;C:\WINDOWS\system32;C:\WINDOWS;C:\WINDOWS\System32\Wbem;C:\WINDOWS\System32\WindowsPowerShell\v1.0\;C:\WINDOWS\System32\OpenSSH\;C:\Users\gabri\AppData\Local\Microsoft\WindowsApps;
USERNAME=gabsjimz
OS=Windows_NT
PROCESSOR_IDENTIFIER=AMD64 Family 23 Model 24 Stepping 1, AuthenticAMD
TMP=C:\Users\gabri\AppData\Local\Temp
TEMP=C:\Users\gabri\AppData\Local\Temp



---------------  S Y S T E M  ---------------

OS:
 Windows 11 , 64 bit Build 22621 (10.0.22621.1928)
OS uptime: 0 days 0:55 hours

CPU: total 4 (initial active 4) (4 cores per cpu, 2 threads per core) family 23 model 24 stepping 1 microcode 0x0, cx8, cmov, fxsr, ht, mmx, 3dnowpref, sse, sse2, sse3, ssse3, sse4a, sse4.1, sse4.2, popcnt, lzcnt, tsc, tscinvbit, avx, avx2, aes, clmul, bmi1, bmi2, adx, sha, fma, vzeroupper, clflush, clflushopt

Memory: 4k page, system-wide physical 6064M (70M free)
TotalPageFile size 24496M (AvailPageFile size 2M)
current process WorkingSet (physical memory assigned to process): 167M, peak: 190M
current process commit charge ("private bytes"): 215M, peak: 223M

vm_info: OpenJDK 64-Bit Server VM (17.0.7+7) for windows-amd64 JRE (17.0.7+7), built on Apr 18 2023 22:10:42 by "temurin" with MS VC++ 16.7 (VS2019)

END.
